# Server version 0.08 running on 192.168.2.42:8213
# Game ID: 65
# Board class: pentago_swap.PentagoBoard
# Timeout: 300000
# First Move Timeout: 30000
# Date: Sat Mar 30 00:52:51 EDT 2019
# Player 1: Player-0, '260799737', running on 192.168.2.42
# Player 2: Player-1, 'Human', running on 192.168.2.42
START Player-0 260799737
START Player-1 Human
1 1 BL BR 0
4 1 BL TR 1
4 1 TL TR 0
4 4 BR BL 1
1 3 TL BR 0
1 5 TR TL 1
1 5 TR BL 0
4 0 BL BR 1
4 2 TL BR 0
3 4 BR BL 1
0 2 BL BR 0
5 4 BR TR 1
2 2 TR BL 0
3 2 BL BR 1
2 5 TL BL 0
2 3 TL BL 1
3 2 TL BL 0
1 2 TL BL 1
0 5 TL BR 0
GAMEOVER WINNER 0
# Game ended: Sat Mar 30 00:53:51 EDT 2019
