# Server version 0.08 running on 192.168.2.42:8213
# Game ID: 41
# Board class: pentago_swap.PentagoBoard
# Timeout: 300000
# First Move Timeout: 30000
# Date: Fri Mar 29 23:44:37 EDT 2019
# Player 1: Player-0, '260799737', running on 192.168.2.42
# Player 2: Player-1, '260799737', running on 192.168.2.42
START Player-0 260799737
START Player-1 260799737
1 1 BL BR 0
1 4 BL BR 1
4 1 TL TR 0
4 4 TL TR 1
0 5 TL BR 0
0 4 BL BR 1
3 5 TR BR 0
5 4 BL BR 1
2 1 TL BR 0
3 4 TR BL 1
GAMEOVER WINNER 1
# Game ended: Fri Mar 29 23:44:40 EDT 2019
