# Server version 0.08 running on 192.168.2.42:8213
# Game ID: 7
# Board class: pentago_swap.PentagoBoard
# Timeout: 300000
# First Move Timeout: 30000
# Date: Sat Mar 30 11:07:30 EDT 2019
# Player 1: Player-0, '260799737', running on 192.168.2.42
# Player 2: Player-1, 'Human', running on 192.168.2.42
START Player-0 260799737
START Player-1 Human
1 1 BL BR 0
4 1 BL BR 1
1 4 BL BR 0
4 4 TR TL 1
5 1 TL TR 0
4 3 TR TL 1
0 2 TR BL 0
4 5 BR BL 1
3 5 TL TR 0
1 0 TL BR 1
GAMEOVER WINNER 1
# Game ended: Sat Mar 30 11:07:46 EDT 2019
