# Server version 0.08 running on 192.168.2.42:8213
# Game ID: 27
# Board class: pentago_swap.PentagoBoard
# Timeout: 300000
# First Move Timeout: 30000
# Date: Fri Mar 29 23:06:01 EDT 2019
# Player 1: Player-0, '260799737', running on 192.168.2.42
# Player 2: Player-1, 'Human', running on 192.168.2.42
START Player-0 260799737
START Player-1 Human
1 1 BL BR 0
2 1 TL TR 1
1 1 BL BR 0
4 1 BL BR 1
2 3 TL TR 0
4 1 BL BR 1
5 1 TL TR 0
4 3 BL BR 1
2 0 TL BL 0
3 2 BL BR 1
0 4 TR BR 0
2 4 TR TL 1
3 5 TR BR 0
4 2 TR BR 1
1 5 TL BR 0
4 0 TR BR 1
GAMEOVER WINNER 1
# Game ended: Fri Mar 29 23:06:37 EDT 2019
