# Server version 0.08 running on 192.168.2.42:8213
# Game ID: 54
# Board class: pentago_swap.PentagoBoard
# Timeout: 300000
# First Move Timeout: 30000
# Date: Sat Mar 30 00:33:11 EDT 2019
# Player 1: Player-0, 'RandomPlayer', running on 192.168.2.42
# Player 2: Player-1, '260799737', running on 192.168.2.42
START Player-0 RandomPlayer
START Player-1 260799737
5 2 TR BR 0
1 1 BL BR 1
0 3 TL TR 0
1 1 BL BR 1
4 0 BL BR 0
1 0 TL BL 1
1 5 TL BL 0
0 1 TL TR 1
5 2 BL BR 0
2 4 TL BR 1
2 0 TL TR 0
3 4 TL TR 1
GAMEOVER WINNER 1
# Game ended: Sat Mar 30 00:33:13 EDT 2019
