# Server version 0.08 running on 192.168.2.42:8213
# Game ID: 12
# Board class: pentago_swap.PentagoBoard
# Timeout: 300000
# First Move Timeout: 30000
# Date: Fri Mar 29 22:49:29 EDT 2019
# Player 1: Player-0, '260799737', running on 192.168.2.42
# Player 2: Player-1, 'Human', running on 192.168.2.42
START Player-0 260799737
START Player-1 Human
1 1 BL BR 0
1 2 TL TR 1
1 1 BL BR 0
1 2 TL BL 1
0 0 TL TR 0
3 2 BL BR 1
0 0 TR BL 0
3 4 BR BL 1
0 1 TL TR 0
2 2 TL BL 1
0 0 TL BR 0
2 5 TR TL 1
2 1 TR BR 0
3 1 TL TR 1
3 0 TL TR 0
3 2 BL BR 1
2 4 BL BR 0
4 2 BR TR 1
GAMEOVER WINNER 1
# Game ended: Fri Mar 29 22:50:01 EDT 2019
