# Server version 0.08 running on 192.168.2.42:8213
# Game ID: 19
# Board class: pentago_swap.PentagoBoard
# Timeout: 300000
# First Move Timeout: 30000
# Date: Fri Mar 29 23:01:02 EDT 2019
# Player 1: Player-0, '260799737', running on 192.168.2.42
# Player 2: Player-1, 'Human', running on 192.168.2.42
START Player-0 260799737
START Player-1 Human
1 1 BL BR 0
1 2 TR TL 1
1 1 BL BR 0
1 2 TR TL 1
2 1 TL BL 0
1 3 TL TR 1
0 3 TR BL 0
3 2 TR TL 1
4 1 TR BR 0
2 3 BL TR 1
0 1 TR BL 0
3 3 TR BL 1
0 4 TR BL 0
GAMEOVER WINNER 0
# Game ended: Fri Mar 29 23:01:32 EDT 2019
