# Server version 0.08 running on 192.168.2.42:8213
# Game ID: 10
# Board class: pentago_swap.PentagoBoard
# Timeout: 300000
# First Move Timeout: 30000
# Date: Sat Mar 30 11:13:19 EDT 2019
# Player 1: Player-0, '260799737', running on 192.168.2.42
# Player 2: Player-1, 'Human', running on 192.168.2.42
START Player-0 260799737
START Player-1 Human
1 1 BL BR 0
4 1 BL BR 1
1 4 BL BR 0
4 4 TR TL 1
3 4 TR BL 0
3 3 TR TL 1
2 4 TL TR 0
0 1 TL BL 1
2 1 TR BL 0
0 1 TL BR 1
5 3 TL BL 0
5 2 BL BR 1
2 3 TR BL 0
2 2 TR BL 1
GAMEOVER WINNER 1
# Game ended: Sat Mar 30 11:15:24 EDT 2019
