# Server version 0.08 running on 192.168.2.42:8123
# Game ID: 3
# Board class: pentago_swap.PentagoBoard
# Timeout: 2000
# First Move Timeout: 30000
# Date: Wed Apr 03 20:22:16 EDT 2019
# Player 1: Player-0, 'TESTER', running on localhost
# Player 2: Player-1, 'RandomPlayer', running on localhost
START Player-0 TESTER
START Player-1 RandomPlayer
1 1 BL BR 0
0 1 TR BR 1
1 4 BL BR 0
3 3 TL TR 1
1 3 TR BL 0
1 4 BL BR 1
3 3 BL BR 0
3 4 TL BL 1
1 2 TL TR 0
5 4 BL BR 1
4 3 TR BL 0
GAMEOVER WINNER 0
# Game ended: Wed Apr 03 20:22:19 EDT 2019
