# Server version 0.08 running on 192.168.2.42:8213
# Game ID: 84
# Board class: pentago_swap.PentagoBoard
# Timeout: 300000
# First Move Timeout: 30000
# Date: Sat Mar 30 01:28:29 EDT 2019
# Player 1: Player-0, '260799737', running on 192.168.2.42
# Player 2: Player-1, 'Human', running on 192.168.2.42
START Player-0 260799737
START Player-1 Human
1 1 BL BR 0
4 2 BL BR 1
1 4 BL BR 0
3 2 BL TL 1
0 3 TR BL 0
4 2 BL TL 1
2 2 TR BL 0
2 5 TR BL 1
0 3 TR BL 0
0 2 TL BR 1
GAMEOVER WINNER 1
# Game ended: Sat Mar 30 01:28:44 EDT 2019
