# Server version 0.08 running on 192.168.2.42:8123
# Game ID: 30
# Board class: pentago_swap.PentagoBoard
# Timeout: 2000
# First Move Timeout: 30000
# Date: Wed Apr 03 20:23:56 EDT 2019
# Player 1: Player-0, 'RandomPlayer', running on localhost
# Player 2: Player-1, 'TESTER', running on localhost
START Player-0 RandomPlayer
START Player-1 TESTER
5 2 TR BR 0
1 1 BL BR 1
0 3 TL TR 0
1 1 BL BR 1
4 0 BL BR 0
1 0 TR BR 1
2 2 TL BL 0
5 4 TR BL 1
5 1 BL BR 0
2 4 TL BL 1
2 0 TL TR 0
0 1 TL BR 1
GAMEOVER WINNER 1
# Game ended: Wed Apr 03 20:23:58 EDT 2019
