# Server version 0.08 running on 192.168.2.42:8123
# Game ID: 75
# Board class: pentago_swap.PentagoBoard
# Timeout: 2000
# First Move Timeout: 30000
# Date: Wed Apr 03 20:26:39 EDT 2019
# Player 1: Player-0, 'TESTER', running on localhost
# Player 2: Player-1, 'RandomPlayer', running on localhost
START Player-0 TESTER
START Player-1 RandomPlayer
1 1 BL BR 0
0 1 TR BR 1
1 4 BL BR 0
3 3 TL TR 1
2 1 TR BL 0
1 4 BL BR 1
1 2 TR BL 0
3 3 TL BL 1
3 1 TR BL 0
5 4 BL BR 1
4 4 TR BL 0
3 2 TL TR 1
3 4 TR BL 0
GAMEOVER WINNER 0
# Game ended: Wed Apr 03 20:26:42 EDT 2019
