# Server version 0.08 running on 192.168.2.42:8213
# Game ID: 34
# Board class: pentago_swap.PentagoBoard
# Timeout: 300000
# First Move Timeout: 30000
# Date: Fri Mar 29 23:25:21 EDT 2019
# Player 1: Player-0, '260799737', running on 192.168.2.42
# Player 2: Player-1, 'Human', running on 192.168.2.42
START Player-0 260799737
START Player-1 Human
1 1 BL BR 0
0 2 TL TR 1
1 1 BL BR 0
0 4 TR BR 1
4 5 TR BL 0
5 3 BL TR 1
4 3 TL BR 0
2 2 TR BR 1
1 3 BL BR 0
GAMEOVER WINNER 0
# Game ended: Fri Mar 29 23:25:43 EDT 2019
