# Server version 0.08 running on 192.168.2.42:8213
# Game ID: 81
# Board class: pentago_swap.PentagoBoard
# Timeout: 300000
# First Move Timeout: 30000
# Date: Sat Mar 30 01:24:11 EDT 2019
# Player 1: Player-0, '260799737', running on 192.168.2.42
# Player 2: Player-1, '260799737', running on 192.168.2.42
START Player-0 260799737
START Player-1 260799737
1 1 BL BR 0
1 4 BL BR 1
4 1 TL TR 0
4 4 TL TR 1
5 2 TR BL 0
4 2 BL BR 1
2 4 TL BL 0
1 0 BL BR 1
0 4 TL BL 0
1 0 TR BL 1
GAMEOVER WINNER 1
# Game ended: Sat Mar 30 01:24:16 EDT 2019
