# Server version 0.08 running on 192.168.2.42:8213
# Game ID: 63
# Board class: pentago_swap.PentagoBoard
# Timeout: 300000
# First Move Timeout: 30000
# Date: Sat Mar 30 00:51:04 EDT 2019
# Player 1: Player-0, '260799737', running on 192.168.2.42
# Player 2: Player-1, 'Human', running on 192.168.2.42
START Player-0 260799737
START Player-1 Human
1 1 BL BR 0
4 1 BL BR 1
1 4 BL BR 0
4 2 BL BR 1
4 1 TR BL 0
4 3 BR BL 1
1 5 TR BL 0
4 3 BR TR 1
4 0 BL BR 0
1 5 TR BL 1
1 2 TR BL 0
1 0 BL TR 1
2 3 TR BL 0
2 3 TR BR 1
GAMEOVER WINNER 0
# Game ended: Sat Mar 30 00:52:16 EDT 2019
