# Server version 0.08 running on 192.168.2.42:8213
# Game ID: 9
# Board class: pentago_swap.PentagoBoard
# Timeout: 300000
# First Move Timeout: 30000
# Date: Sat Mar 30 11:12:18 EDT 2019
# Player 1: Player-0, '260799737', running on 192.168.2.42
# Player 2: Player-1, 'Human', running on 192.168.2.42
START Player-0 260799737
START Player-1 Human
1 1 BL BR 0
4 1 BR TR 1
1 4 BL BR 0
4 1 BL BR 1
2 0 TR BR 0
4 3 BR TR 1
0 5 BL BR 0
2 3 TR BL 1
0 2 TL TR 0
GAMEOVER WINNER 0
# Game ended: Sat Mar 30 11:13:07 EDT 2019
