# Server version 0.08 running on 192.168.2.42:8213
# Game ID: 57
# Board class: pentago_swap.PentagoBoard
# Timeout: 300000
# First Move Timeout: 30000
# Date: Sat Mar 30 00:43:28 EDT 2019
# Player 1: Player-0, '260799737', running on 192.168.2.42
# Player 2: Player-1, 'RandomPlayer', running on 192.168.2.42
START Player-0 260799737
START Player-1 RandomPlayer
1 1 BL BR 0
0 1 TR BR 1
1 4 BL BR 0
3 3 TL TR 1
0 0 TL TR 0
2 1 BL BR 1
0 0 TL BL 0
3 4 TL BL 1
2 2 TR BR 0
GAMEOVER WINNER 0
# Game ended: Sat Mar 30 00:43:28 EDT 2019
