# Server version 0.08 running on 192.168.2.42:8123
# Game ID: 89
# Board class: pentago_swap.PentagoBoard
# Timeout: 2000
# First Move Timeout: 30000
# Date: Wed Apr 03 20:27:31 EDT 2019
# Player 1: Player-0, 'TESTER', running on localhost
# Player 2: Player-1, 'RandomPlayer', running on localhost
START Player-0 TESTER
START Player-1 RandomPlayer
1 1 BL BR 0
0 1 TR BR 1
1 4 BL BR 0
3 3 TL TR 1
3 2 TL BL 0
2 0 BL BR 1
1 5 TR BR 0
3 3 TL BL 1
4 3 BL BR 0
5 4 BL BR 1
1 3 TL BR 0
GAMEOVER WINNER 0
# Game ended: Wed Apr 03 20:27:34 EDT 2019
