# Server version 0.08 running on 142.157.23.161:8213
# Game ID: 602
# Board class: pentago_swap.PentagoBoard
# Timeout: 300000
# First Move Timeout: 30000
# Date: Thu Mar 28 20:07:07 EDT 2019
# Player 1: Player-0, '260799737', running on 142.157.23.161
# Player 2: Player-1, '260799737', running on 142.157.23.161
START Player-0 260799737
START Player-1 260799737
1 1 BL BR 0
1 4 BL BR 1
4 1 TL TR 0
4 4 TL TR 1
0 0 TL TR 0
0 2 TL TR 1
0 1 TL TR 0
0 1 TL TR 1
0 2 TL TR 0
0 0 TL TR 1
1 0 TL TR 0
1 2 TL TR 1
2 0 TL TR 0
1 0 TL TR 1
3 2 TL TR 0
GAMEOVER WINNER 0
# Game ended: Thu Mar 28 20:07:08 EDT 2019
