# Server version 0.08 running on 192.168.2.42:8213
# Game ID: 21
# Board class: pentago_swap.PentagoBoard
# Timeout: 300000
# First Move Timeout: 30000
# Date: Fri Mar 29 23:02:55 EDT 2019
# Player 1: Player-0, '260799737', running on 192.168.2.42
# Player 2: Player-1, 'Human', running on 192.168.2.42
START Player-0 260799737
START Player-1 Human
1 1 BL BR 0
2 1 TL TR 1
1 1 BL BR 0
1 2 TL BL 1
4 5 TL BR 0
1 3 TL TR 1
0 5 TL BL 0
3 1 BL BR 1
4 2 TL TR 0
2 2 TR TL 1
3 5 TL TR 0
2 3 BL TR 1
1 1 TL BR 0
1 2 TL BL 1
5 3 TR BR 0
GAMEOVER WINNER 0
# Game ended: Fri Mar 29 23:03:15 EDT 2019
