# Server version 0.08 running on 192.168.2.42:8213
# Game ID: 6
# Board class: pentago_swap.PentagoBoard
# Timeout: 300000
# First Move Timeout: 30000
# Date: Sat Mar 30 11:06:51 EDT 2019
# Player 1: Player-0, 'Human', running on 192.168.2.42
# Player 2: Player-1, '260799737', running on 192.168.2.42
START Player-0 Human
START Player-1 260799737
4 1 BR TR 0
1 1 BL BR 1
1 4 TR BL 0
1 4 BL BR 1
4 3 BR BL 0
0 5 TR BL 1
1 5 TR BL 0
2 0 TL TR 1
4 3 TR TL 0
GAMEOVER WINNER 0
# Game ended: Sat Mar 30 11:07:24 EDT 2019
