# Server version 0.08 running on 192.168.2.42:8123
# Game ID: 1
# Board class: pentago_swap.PentagoBoard
# Timeout: 2000
# First Move Timeout: 30000
# Date: Sat Mar 30 20:50:44 EDT 2019
# Player 1: Player-0, '260799737', running on 192.168.2.42
# Player 2: Player-1, 'Human', running on 192.168.2.42
START Player-0 260799737
START Player-1 Human
1 1 BL BR 0
4 1 BR TR 1
1 4 BL BR 0
4 1 BL TR 1
3 4 TR BR 0
3 4 BR BL 1
5 4 BL BR 0
4 3 BR TL 1
5 4 BL BR 0
3 4 BL TL 1
0 1 TR BR 0
4 2 TR BR 1
4 3 TL BR 0
1 3 TR BR 1
GAMEOVER WINNER 1
# Game ended: Sat Mar 30 20:51:51 EDT 2019
