# Server version 0.08 running on 192.168.2.42:8123
# Game ID: 73
# Board class: pentago_swap.PentagoBoard
# Timeout: 2000
# First Move Timeout: 30000
# Date: Wed Apr 03 20:26:32 EDT 2019
# Player 1: Player-0, 'TESTER', running on localhost
# Player 2: Player-1, 'RandomPlayer', running on localhost
START Player-0 TESTER
START Player-1 RandomPlayer
1 1 BL BR 0
0 1 TR BR 1
1 4 BL BR 0
3 3 TL TR 1
2 3 TR BR 0
1 5 BL BR 1
4 0 TR BL 0
3 5 TL BL 1
1 5 TR BR 0
5 4 BL BR 1
4 3 TL TR 0
GAMEOVER WINNER 0
# Game ended: Wed Apr 03 20:26:35 EDT 2019
