# Server version 0.08 running on 192.168.2.42:8213
# Game ID: 36
# Board class: pentago_swap.PentagoBoard
# Timeout: 300000
# First Move Timeout: 30000
# Date: Fri Mar 29 23:40:43 EDT 2019
# Player 1: Player-0, '260799737', running on 192.168.2.42
# Player 2: Player-1, 'Human', running on 192.168.2.42
START Player-0 260799737
START Player-1 Human
1 1 BL BR 0
1 2 TR TL 1
1 1 BL BR 0
4 4 BR BL 1
1 0 TL TR 0
1 5 TR TL 1
4 4 BL BR 0
3 1 TL TR 1
2 1 TL BR 0
3 4 TR BR 1
4 2 TR BL 0
3 4 TL TR 1
1 0 TL BL 0
GAMEOVER WINNER 0
# Game ended: Fri Mar 29 23:41:08 EDT 2019
