# Server version 0.08 running on 192.168.2.42:8213
# Game ID: 23
# Board class: pentago_swap.PentagoBoard
# Timeout: 300000
# First Move Timeout: 30000
# Date: Fri Mar 29 23:03:47 EDT 2019
# Player 1: Player-0, 'RandomPlayer', running on 192.168.2.42
# Player 2: Player-1, '260799737', running on 192.168.2.42
START Player-0 RandomPlayer
START Player-1 260799737
5 2 TR BR 0
1 1 BL BR 1
0 3 TL TR 0
1 1 BL BR 1
4 0 BL BR 0
0 1 TL BR 1
2 0 TL BL 0
0 4 TR BL 1
5 3 BL BR 0
0 5 TR BR 1
1 3 TL TR 0
1 2 TL TR 1
0 0 BL BR 0
2 1 BL BR 1
4 5 TR BR 0
2 4 TL BL 1
1 4 TL BR 0
5 0 BL BR 1
5 1 TR BR 0
5 2 TL TR 1
3 4 TL TR 0
3 3 BL BR 1
3 5 TR BR 0
2 1 TR BR 1
1 3 BL BR 0
GAMEOVER WINNER 1
# Game ended: Fri Mar 29 23:03:47 EDT 2019
