# Server version 0.08 running on 192.168.2.42:8123
# Game ID: 17
# Board class: pentago_swap.PentagoBoard
# Timeout: 2000
# First Move Timeout: 30000
# Date: Wed Apr 03 20:23:09 EDT 2019
# Player 1: Player-0, 'TESTER', running on localhost
# Player 2: Player-1, 'RandomPlayer', running on localhost
START Player-0 TESTER
START Player-1 RandomPlayer
1 1 BL BR 0
0 1 TR BR 1
1 4 BL BR 0
3 3 TL TR 1
2 1 BL BR 0
2 0 BL BR 1
0 1 TL TR 0
4 0 TL BL 1
5 1 TR BL 0
5 4 BL BR 1
GAMEOVER WINNER 0
# Game ended: Wed Apr 03 20:23:12 EDT 2019
