# Server version 0.08 running on 192.168.2.42:8213
# Game ID: 11
# Board class: pentago_swap.PentagoBoard
# Timeout: 300000
# First Move Timeout: 30000
# Date: Sat Mar 30 11:45:05 EDT 2019
# Player 1: Player-0, '260799737', running on 192.168.2.42
# Player 2: Player-1, 'Human', running on 192.168.2.42
START Player-0 260799737
START Player-1 Human
1 1 BL BR 0
4 1 BR TR 1
1 4 BL BR 0
4 1 BL TR 1
0 1 TL TR 0
2 4 TR BL 1
1 0 BL BR 0
2 4 TL BL 1
5 3 BL BR 0
3 3 TL BL 1
1 2 BL BR 0
1 0 TL TR 1
0 5 TL BL 0
2 2 BR TR 1
3 2 TR BR 0
GAMEOVER WINNER 0
# Game ended: Sat Mar 30 11:46:32 EDT 2019
