# Server version 0.08 running on 192.168.2.42:8213
# Game ID: 79
# Board class: pentago_swap.PentagoBoard
# Timeout: 300000
# First Move Timeout: 30000
# Date: Sat Mar 30 01:20:14 EDT 2019
# Player 1: Player-0, 'Human', running on 192.168.2.42
# Player 2: Player-1, '260799737', running on 192.168.2.42
START Player-0 Human
START Player-1 260799737
4 4 TR BL 0
1 1 BL BR 1
4 2 BL BR 0
1 4 BL BR 1
4 0 BL BR 0
4 1 TL BL 1
4 2 BL TL 0
4 0 BL BR 1
4 5 BR TR 0
2 1 TR BL 1
2 3 TL BL 0
3 1 TL BR 1
3 2 TL BR 0
0 1 TL BL 1
GAMEOVER WINNER 1
# Game ended: Sat Mar 30 01:20:50 EDT 2019
