# Server version 0.08 running on 192.168.2.42:8213
# Game ID: 49
# Board class: pentago_swap.PentagoBoard
# Timeout: 300000
# First Move Timeout: 30000
# Date: Sat Mar 30 00:12:30 EDT 2019
# Player 1: Player-0, 'RandomPlayer', running on 192.168.2.42
# Player 2: Player-1, '260799737', running on 192.168.2.42
START Player-0 RandomPlayer
START Player-1 260799737
5 2 TR BR 0
1 1 BL BR 1
0 3 TL TR 0
1 1 BL BR 1
4 0 BL BR 0
2 2 TL BR 1
2 0 TL BL 0
1 3 BL BR 1
5 0 BL BR 0
4 3 TL TR 1
1 4 TL TR 0
1 5 TR BL 1
GAMEOVER WINNER 1
# Game ended: Sat Mar 30 00:12:32 EDT 2019
