# Server version 0.08 running on 142.157.23.161:8123
# Game ID: 457
# Board class: pentago_swap.PentagoBoard
# Timeout: 2000
# First Move Timeout: 30000
# Date: Thu Mar 28 19:57:31 EDT 2019
# Player 1: Player-0, '260799737', running on localhost
# Player 2: Player-1, 'RandomPlayer', running on localhost
START Player-0 260799737
START Player-1 RandomPlayer
1 1 BL BR 0
0 1 TR BR 1
1 4 BL BR 0
3 3 TL TR 1
0 3 TL TR 0
2 1 BL BR 1
2 0 TL TR 0
4 0 TL BL 1
0 5 TL TR 0
5 4 BL BR 1
0 4 TL TR 0
3 5 TL TR 1
0 5 TL TR 0
2 0 BL BR 1
3 1 TR BR 0
5 1 TR BR 1
4 5 TL TR 0
2 4 TL BR 1
2 2 TL TR 0
4 2 TR BR 1
1 1 TL BL 0
GAMEOVER WINNER 0
# Game ended: Thu Mar 28 19:57:32 EDT 2019
