# Server version 0.08 running on 192.168.2.42:8213
# Game ID: 68
# Board class: pentago_swap.PentagoBoard
# Timeout: 300000
# First Move Timeout: 30000
# Date: Sat Mar 30 00:57:36 EDT 2019
# Player 1: Player-0, '260799737', running on 192.168.2.42
# Player 2: Player-1, 'RandomPlayer', running on 192.168.2.42
START Player-0 260799737
START Player-1 RandomPlayer
1 1 BL BR 0
0 1 TR BR 1
1 4 BL BR 0
3 3 TL TR 1
4 1 TL BL 0
2 0 BL BR 1
4 1 TL BL 0
3 3 TL BL 1
4 0 TL TR 0
5 4 BL BR 1
4 5 TL TR 0
3 1 TL TR 1
4 2 TR BR 0
1 0 BL BR 1
1 2 BL BR 0
GAMEOVER WINNER 0
# Game ended: Sat Mar 30 00:58:30 EDT 2019
