# Server version 0.08 running on 192.168.2.42:8213
# Game ID: 82
# Board class: pentago_swap.PentagoBoard
# Timeout: 300000
# First Move Timeout: 30000
# Date: Sat Mar 30 01:24:25 EDT 2019
# Player 1: Player-0, 'Human', running on 192.168.2.42
# Player 2: Player-1, '260799737', running on 192.168.2.42
START Player-0 Human
START Player-1 260799737
4 1 BL TL 0
1 4 BL BR 1
2 1 TL BL 0
1 1 BL BR 1
4 3 BL TL 0
1 1 TR BL 1
4 2 BL TL 0
1 3 TL BL 1
1 5 TR BL 0
2 4 TL BL 1
0 4 TR BL 0
0 1 TR BL 1
2 1 TL BL 0
0 1 TR BL 1
1 2 TL BL 0
5 1 TR BR 1
GAMEOVER WINNER 1
# Game ended: Sat Mar 30 01:27:29 EDT 2019
