# Server version 0.08 running on 192.168.2.42:8213
# Game ID: 40
# Board class: pentago_swap.PentagoBoard
# Timeout: 300000
# First Move Timeout: 30000
# Date: Fri Mar 29 23:43:26 EDT 2019
# Player 1: Player-0, '260799737', running on 192.168.2.42
# Player 2: Player-1, 'Human', running on 192.168.2.42
START Player-0 260799737
START Player-1 Human
1 1 BL BR 0
1 4 BR BL 1
4 1 TL TR 0
4 4 BR BL 1
0 0 TR BL 0
3 4 TR BR 1
1 5 TR BL 0
4 3 BR TR 1
4 0 TR BL 0
2 3 BR TL 1
1 2 BL BR 0
GAMEOVER WINNER 0
# Game ended: Fri Mar 29 23:43:45 EDT 2019
