# Server version 0.08 running on 192.168.2.42:8213
# Game ID: 4
# Board class: pentago_swap.PentagoBoard
# Timeout: 300000
# First Move Timeout: 30000
# Date: Sat Mar 30 10:51:41 EDT 2019
# Player 1: Player-0, '260799737', running on 192.168.2.42
# Player 2: Player-1, 'Human', running on 192.168.2.42
START Player-0 260799737
START Player-1 Human
1 1 BL BR 0
4 1 BL BR 1
1 4 BL BR 0
4 4 BR BL 1
1 5 TR BL 0
4 0 BL TR 1
1 2 TL TR 0
1 3 TR BR 1
5 4 TR BL 0
3 4 TR BL 1
2 1 TR BR 0
2 2 TL BL 1
3 1 TL TR 0
GAMEOVER WINNER 0
# Game ended: Sat Mar 30 10:52:13 EDT 2019
