# Server version 0.08 running on 192.168.2.42:8213
# Game ID: 80
# Board class: pentago_swap.PentagoBoard
# Timeout: 300000
# First Move Timeout: 30000
# Date: Sat Mar 30 01:21:09 EDT 2019
# Player 1: Player-0, 'Human', running on 192.168.2.42
# Player 2: Player-1, '260799737', running on 192.168.2.42
START Player-0 Human
START Player-1 260799737
1 1 TL BL 0
1 1 BL BR 1
4 1 BR TL 0
1 4 BL BR 1
3 3 BL TR 0
4 2 TR BR 1
4 3 BL TL 0
0 1 TL BL 1
2 3 TR BR 0
5 1 TL TR 1
2 5 TR TL 0
2 4 TL TR 1
GAMEOVER WINNER 1
# Game ended: Sat Mar 30 01:21:31 EDT 2019
