# Server version 0.08 running on 192.168.2.42:8213
# Game ID: 5
# Board class: pentago_swap.PentagoBoard
# Timeout: 300000
# First Move Timeout: 30000
# Date: Sat Mar 30 11:04:51 EDT 2019
# Player 1: Player-0, 'Human', running on 192.168.2.42
# Player 2: Player-1, '260799737', running on 192.168.2.42
START Player-0 Human
START Player-1 260799737
4 4 BR BL 0
1 1 BL BR 1
1 4 TR BL 0
1 4 BL BR 1
4 2 TR TL 0
4 0 TL BR 1
3 2 TR TL 0
2 3 BL BR 1
5 3 BR BL 0
5 4 BL BR 1
0 5 TR BL 0
2 1 TR BL 1
3 1 BL BR 0
0 1 TL BL 1
2 2 TL BL 0
0 4 TL BL 1
1 5 TR BL 0
GAMEOVER WINNER 0
# Game ended: Sat Mar 30 11:06:22 EDT 2019
