# Server version 0.08 running on 192.168.2.42:8213
# Game ID: 31
# Board class: pentago_swap.PentagoBoard
# Timeout: 300000
# First Move Timeout: 30000
# Date: Fri Mar 29 23:07:39 EDT 2019
# Player 1: Player-0, 'Human', running on 192.168.2.42
# Player 2: Player-1, '260799737', running on 192.168.2.42
START Player-0 Human
START Player-1 260799737
2 2 TR TL 0
1 1 BL BR 1
1 4 TR BR 0
1 4 BL BR 1
4 4 BR TL 0
2 4 TL TR 1
3 0 BL BR 0
0 1 TL BR 1
0 3 TR BR 0
GAMEOVER WINNER 0
# Game ended: Fri Mar 29 23:07:54 EDT 2019
