# Server version 0.08 running on 192.168.2.42:8213
# Game ID: 86
# Board class: pentago_swap.PentagoBoard
# Timeout: 300000
# First Move Timeout: 30000
# Date: Sat Mar 30 01:30:38 EDT 2019
# Player 1: Player-0, '260799737', running on 192.168.2.42
# Player 2: Player-1, 'Human', running on 192.168.2.42
START Player-0 260799737
START Player-1 Human
1 1 BL BR 0
4 1 BL BR 1
4 1 BL BR 0
3 2 BL TR 1
3 4 TL TR 0
2 0 TL BR 1
2 1 TR BR 0
3 4 TR BL 1
5 4 TR BL 0
4 1 TR BL 1
2 3 TL BL 0
0 5 TR BL 1
2 3 TR BR 0
GAMEOVER WINNER 0
# Game ended: Sat Mar 30 01:31:45 EDT 2019
