# Server version 0.08 running on 192.168.2.42:8213
# Game ID: 29
# Board class: pentago_swap.PentagoBoard
# Timeout: 300000
# First Move Timeout: 30000
# Date: Fri Mar 29 23:07:23 EDT 2019
# Player 1: Player-0, '260799737', running on 192.168.2.42
# Player 2: Player-1, 'RandomPlayer', running on 192.168.2.42
START Player-0 260799737
START Player-1 RandomPlayer
1 1 BL BR 0
0 1 TR BR 1
1 4 BL BR 0
3 3 TL TR 1
5 1 TR BR 0
1 5 BL BR 1
3 4 TR BR 0
3 4 TL BL 1
1 4 BL BR 0
5 4 BL BR 1
2 1 TR BL 0
GAMEOVER WINNER 0
# Game ended: Fri Mar 29 23:07:26 EDT 2019
