# Server version 0.08 running on 192.168.2.42:8213
# Game ID: 35
# Board class: pentago_swap.PentagoBoard
# Timeout: 300000
# First Move Timeout: 30000
# Date: Fri Mar 29 23:27:21 EDT 2019
# Player 1: Player-0, '260799737', running on 192.168.2.42
# Player 2: Player-1, 'Human', running on 192.168.2.42
START Player-0 260799737
START Player-1 Human
1 1 BL BR 0
1 4 TR BR 1
1 4 BL BR 0
4 4 BR TR 1
3 4 TL TR 0
2 4 TR BR 1
1 3 TL BL 0
1 5 TR BL 1
4 3 TR BL 0
4 5 BR BL 1
3 1 TR BR 0
2 1 TL TR 1
2 2 TR BR 0
GAMEOVER WINNER 0
# Game ended: Fri Mar 29 23:27:46 EDT 2019
