# Server version 0.08 running on 192.168.2.42:8213
# Game ID: 83
# Board class: pentago_swap.PentagoBoard
# Timeout: 300000
# First Move Timeout: 30000
# Date: Sat Mar 30 01:27:48 EDT 2019
# Player 1: Player-0, '260799737', running on 192.168.2.42
# Player 2: Player-1, 'Human', running on 192.168.2.42
START Player-0 260799737
START Player-1 Human
1 1 BL BR 0
3 2 TL BL 1
1 1 BL BR 0
1 2 TL BL 1
5 3 TL BL 0
2 2 TL BL 1
3 5 TL BL 0
3 2 TR BR 1
2 0 TR BL 0
1 5 TR BL 1
GAMEOVER WINNER 1
# Game ended: Sat Mar 30 01:28:22 EDT 2019
